CeWL 6.1 (Max Length) Robin Wood (robin@digi.ninja) (https://digi.ninja/)
The
Stationery
Warehouse
site
entry
Search
comment
Feed
content
for
WordPress
Uncategorized
world
Comments
Hello
the
post
row
years
ago
meta
November
Administrator
Commenter
Skip
branding
Menu
Home
navigation
masthead
header
main
primary
Categories
Archives
secondary
Proudly
powered
Theme
Pencil
BlogOnYourOwn
com
info
colophon
page
RSD
Comment
reply
comments
your
and
writing
with
Email
come
footer
Welcome
This
first
Edit
delete
then
start
REPLY
commentmetadata
author
vcard
this
get
started
moderating
editing
deleting
please
visit
screen
dashboard
avatars
from
Gravatar
list
Leave
Reply
Cancel
Name
Website
respond
have
all
Need
Back
School
may
need
help
Our
Category
Just
another
You
one
stop
pencil
shop
Deluxe
Pens
Have
penman
life
looking
special
gift
large
selection
high
quality
pens
every
style
Neat
Looking
best
way
organize
stationery
largest
catalogue
organizational
tools
Don
fret
about
requirements
easy
buy
packs
made
essentials
child
team
willing
whatever
you
just
Call
our
store
See
Customer
Reviews
Here
Contact
Details
Month
Author
posts
Posts
