CeWL 6.1 (Max Length) Robin Wood (robin@digi.ninja) (https://digi.ninja/)
and
the
from
library
are
our
that
Library
research
The
digital
Home
access
services
learn
more
Freepik
you
learning
available
not
support
libraries
About
Contact
high
resources
staff
students
journals
books
service
Website
information
Images
each
their
Our
teaching
electronic
any
Digitisation
collections
documents
well
which
academic
can
for
work
international
has
Item
Education
quality
physical
what
have
child
unique
throughout
increasing
accessible
offers
digitisation
preservation
enable
these
members
private
used
articles
Plagiarism
offer
request
Interlending
other
requested
local
item
Google
develop
technology
activities
new
Helping
find
follow
best
path
Image
given
message
your
Offensive
Security
created
with
Builder
Enjoy
through
team
skilled
knowledgeable
welcoming
environments
Experience
learned
treat
individual
aim
instil
them
sense
curiosity
love
will
continue
lives
Collection
boasts
over
million
items
supports
subscribe
number
online
time
wonderful
way
readily
visible
Unit
demand
includes
paper
photographs
maps
slides
negatives
objects
Bindery
established
bindery
unit
standard
professional
binding
departments
clients
publications
assignments
dissertations
defined
presentation
someone
else
words
images
ideas
opinions
discoveries
artwork
music
recordings
computer
generated
whether
published
one
own
without
properly
acknowledging
source
training
Sessions
offered
Tuesdays
Thursdays
primary
purpose
interlibrary
loans
ILL
obtaining
also
supply
Documents
obtain
home
national
need
get
hold
catalogue
list
Scholar
another
Get
know
principles
Learning
active
process
aims
proactively
deliver
innovative
makes
enabling
spaces
Incorporating
maximises
use
its
core
allows
influence
era
transcend
boundaries
stimulate
transdisciplinary
study
offering
technologies
tech
Collating
various
sources
provides
wide
range
such
reports
standards
special
raise
awareness
builds
reputation
continually
carrying
out
initiatives
recognisable
fair
sustainable
responsive
inventive
Sustainability
expertise
University
All
efforts
grounded
goals
including
themes
linked
achievement
United
Nations
Agenda
Sustainable
Development
Goals
all
based
sustainability
member
Maths
Physics
Medicine
English
Technology
Engineering
community
This
place
much
only
too
happy
allowed
help
able
give
back
fraction
Sally
Hamstead
mail
Name
Select
Date
Phone
Message
Submit
Thank
Your
been
sent
Unable
send
Please
fix
errors
then
try
again
Welcome
world
class
right
backyard
bring
most
diverse
collection
across
variety
faculties
Each
level
easily
advanced
useful
repository
addition
journey
librarians
equipped
aid
query
matter
discipline
field
Design
Ideas
Best
Meet
Principal
Templates
Software
