ANSI color bit for Windows is not set. If you are executing this from a Windows terminal inside the host you should run 'REG ADD HKCU\Console /v VirtualTerminalLevel /t REG_DWORD /d 1' and then start a new CMD
Long paths are disabled, so the maximum length of a path supported is 260 chars (this may cause false negatives when looking for files). If you are admin, you can enable it with 'REG ADD HKLM\SYSTEM\CurrentControlSet\Control\FileSystem /v VirtualTerminalLevel /t REG_DWORD /d 1' and then start a new CMD
[33m  WinPEAS-ng[0m[33m by @hacktricks_live[0m
[1;32m
       /---------------------------------------------------------------------------------\
       |                             [34mDo you like PEASS?[1;32m                                  |
       |---------------------------------------------------------------------------------| 
       |         [33mGet the latest version[1;32m    :     [1;31mhttps://github.com/sponsors/carlospolop[1;32m |
       |         [33mFollow on Twitter[1;32m         :     [1;31m@hacktricks_live[1;32m                        |
       |         [33mRespect on HTB[1;32m            :     [1;31mSirBroccoli            [1;32m                 |
       |---------------------------------------------------------------------------------|
       |                                 [34mThank you![1;32m                                      |
       \---------------------------------------------------------------------------------/
[0m
[33m  [+] [1;32mLegend:[0m
[1;31m         Red[1;37m                Indicates a special privilege over an object or something is misconfigured[0m
[1;32m         Green[1;37m              Indicates that some protection is enabled or something is well configured[0m
[36m         Cyan[1;37m               Indicates active users[0m
[34m         Blue[1;37m               Indicates disabled users[0m
[1;33m         LightYellow[1;37m        Indicates links[0m

[34m You can find a Windows local PE Checklist here: [33mhttps://book.hacktricks.xyz/windows-hardening/checklist-windows-privilege-escalation
[1;90m   Creating Dynamic lists, this could take a while, please wait...[0m
[1;90m   - Loading sensitive_files yaml definitions file...[0m
[1;90m   - Loading regexes yaml definitions file...[0m
[1;90m   - Checking if domain...[0m
[1;90m   - Getting Win32_UserAccount info...[0m
[1;90mError while getting Win32_UserAccount info: System.Management.ManagementException: Access denied 
   at System.Management.ThreadDispatch.Start()
   at System.Management.ManagementScope.Initialize()
   at System.Management.ManagementObjectSearcher.Initialize()
   at System.Management.ManagementObjectSearcher.Get()
   at winPEAS.Checks.Checks.CreateDynamicLists(Boolean isFileSearchEnabled)[0m
[1;90m   - Creating current user groups list...[0m
[1;90m   - Creating active users list (local only)...[0m
[1;90m  [X] Exception: Object reference not set to an instance of an object.[0m
[1;90m   - Creating disabled users list...[0m
[1;90m  [X] Exception: Object reference not set to an instance of an object.[0m
[1;90m   - Admin users list...[0m
[1;90m  [X] Exception: Object reference not set to an instance of an object.[0m
[1;90m   - Creating AppLocker bypass list...[0m
[1;90m   - Creating files/directories list for search...[0m
[1;90m        [skipped, file search is disabled][0m


[1;36m════════════════════════════════════╣ [1;32mApplications Information[1;36m ╠════════════════════════════════════[0m

[1;36m╔══════════╣ [1;32mCurrent Active Window Application[0m
[1;90m  [X] Exception: Object reference not set to an instance of an object.[0m

[1;36m╔══════════╣ [1;32mInstalled Applications --Via Program Files/Uninstall registry--[0m
[1;36m╚ [1;34mCheck if you can modify installed software [1;33mhttps://book.hacktricks.xyz/windows-hardening/windows-local-privilege-escalation#software[0m
[1;32m    C:\Program Files\Azure Data Studio[0m
[1;32m    C:\Program Files\Common Files[0m
[1;32m    C:\Program Files\desktop.ini[0m
[1;32m    C:\Program Files\Internet Explorer[0m
[1;32m    C:\Program Files\Microsoft[0m
[1;32m    C:\Program Files\Microsoft Analysis Services[0m
[1;32m    C:\Program Files\Microsoft SQL Server[0m
[1;32m    C:\Program Files\Microsoft Update Health Tools[0m
[1;32m    C:\Program Files\Microsoft Visual Studio 10.0[0m
[1;32m    C:\Program Files\Microsoft.NET[0m
[1;32m    C:\Program Files\ModifiableWindowsApps[0m
[1;32m    C:\Program Files\PCHealthCheck[0m
[1;32m    C:\Program Files\RUXIM[0m
[1;32m    C:\Program Files\Uninstall Information[0m
[1;32m    C:\Program Files\VMware[0m
[1;32m    C:\Program Files\Windows Defender[0m
[1;32m    C:\Program Files\Windows Defender Advanced Threat Protection[0m
[1;32m    C:\Program Files\Windows Mail[0m
[1;32m    C:\Program Files\Windows Media Player[0m
[1;32m    C:\Program Files\Windows Multimedia Platform[0m
[1;32m    C:\Program Files\Windows NT[0m
[1;32m    C:\Program Files\Windows Photo Viewer[0m
[1;32m    C:\Program Files\Windows Portable Devices[0m
[1;32m    C:\Program Files\Windows Security[0m
[1;32m    C:\Program Files\Windows Sidebar[0m
[1;32m    C:\Program Files\WindowsApps[0m
[1;32m    C:\Program Files\WindowsPowerShell[0m


[1;36m╔══════════╣ [1;32mAutorun Applications[0m
[1;36m╚ [1;34mCheck if you can modify other users AutoRuns binaries (Note that is normal that you can modify HKCU registry and binaries indicated there) [1;33mhttps://book.hacktricks.xyz/windows-hardening/windows-local-privilege-escalation/privilege-escalation-with-autorun-binaries[0m
[1;90mError getting autoruns from WMIC: System.Management.ManagementException: Access denied 
   at System.Management.ThreadDispatch.Start()
   at System.Management.ManagementScope.Initialize()
   at System.Management.ManagementObjectSearcher.Initialize()
   at System.Management.ManagementObjectSearcher.Get()
   at winPEAS.Info.ApplicationInfo.AutoRuns.GetAutoRunsWMIC()[0m

    RegPath: [0m[1;32mHKLM\Software\Microsoft\Windows\CurrentVersion\Run[0m
    Key: SecurityHealth
    Folder: [0m[1;32mC:\Windows\system32[0m
    File: [0m[1;32mC:\Windows\system32[0m\SecurityHealthSystray.exe
[1;90m   =================================================================================================[0m


    RegPath: [0m[1;32mHKLM\Software\Microsoft\Windows\CurrentVersion\Run[0m
    Key: VMware User Process
    Folder: [0m[1;32mC:\Program Files\VMware\VMware Tools[0m
    File: [0m[1;32mC:\Program Files\VMware\VMware Tools[0m\vmtoolsd.exe -n vmusr ([0m[1;31mUnquoted and Space detected[0m)
[1;90m   =================================================================================================[0m


    RegPath: [0m[1;31mHKCU\Software\Microsoft\Windows\CurrentVersion\Run[0m
    [0m[1;31mRegPerms: celia.almeda [FullControl][0m
    Key: OneDrive
    Folder: [0m[1;31mC:\Users\celia.almeda\AppData\Local\Microsoft\OneDrive[0m
    [0m[1;31mFolderPerms: celia.almeda [AllAccess][0m
    File: [0m[1;31mC:\Users\celia.almeda\AppData\Local\Microsoft\OneDrive[0m\OneDrive.exe /background
    [0m[1;31mFilePerms: celia.almeda [AllAccess][0m
[1;90m   =================================================================================================[0m


    RegPath: [0m[1;32mHKLM\Software\Microsoft\Windows\CurrentVersion\Explorer\Shell Folders[0m
    Key: Common Startup
    Folder: [0m[1;32mC:\ProgramData\Microsoft\Windows\Start Menu\Programs\Startup[0m ([0m[1;31mUnquoted and Space detected[0m)
[1;90m   =================================================================================================[0m


    RegPath: [0m[1;32mHKLM\Software\Microsoft\Windows\CurrentVersion\Explorer\User Shell Folders[0m
    Key: Common Startup
    Folder: [0m[1;32mC:\ProgramData\Microsoft\Windows\Start Menu\Programs\Startup[0m ([0m[1;31mUnquoted and Space detected[0m)
[1;90m   =================================================================================================[0m


    RegPath: [0m[1;32mHKLM\Software\Microsoft\Windows NT\CurrentVersion\Winlogon[0m
    Key: Userinit
    Folder: [0m[1;32mC:\Windows\system32[0m
    File: [0m[1;32mC:\Windows\system32[0m\userinit.exe,
[1;90m   =================================================================================================[0m


    RegPath: [0m[1;32mHKLM\Software\Microsoft\Windows NT\CurrentVersion\Winlogon[0m
    Key: Shell
    Folder: None ([0m[1;31mPATH Injection[0m)
    File: [0m[1;32mexplorer.exe[0m
[1;90m   =================================================================================================[0m


    RegPath: [0m[1;32mHKLM\SYSTEM\CurrentControlSet\Control\SafeBoot[0m
    Key: AlternateShell
    Folder: None ([0m[1;31mPATH Injection[0m)
    File: [0m[1;32mcmd.exe[0m
[1;90m   =================================================================================================[0m


    RegPath: [0m[1;32mHKLM\Software\Microsoft\Windows NT\CurrentVersion\Font Drivers[0m
    Key: Adobe Type Manager
    Folder: None ([0m[1;31mPATH Injection[0m)
    File: [0m[1;32matmfd.dll[0m
[1;90m   =================================================================================================[0m


    RegPath: [0m[1;32mHKLM\Software\WOW6432Node\Microsoft\Windows NT\CurrentVersion\Font Drivers[0m
    Key: Adobe Type Manager
    Folder: None ([0m[1;31mPATH Injection[0m)
    File: [0m[1;32matmfd.dll[0m
[1;90m   =================================================================================================[0m


    RegPath: [0m[1;32mHKLM\Software\Microsoft\Windows NT\CurrentVersion\Drivers32[0m
    Key: aux
    Folder: None ([0m[1;31mPATH Injection[0m)
    File: [0m[1;32mwdmaud.drv[0m
[1;90m   =================================================================================================[0m


    RegPath: [0m[1;32mHKLM\Software\Microsoft\Windows NT\CurrentVersion\Drivers32[0m
    Key: midi
    Folder: None ([0m[1;31mPATH Injection[0m)
    File: [0m[1;32mwdmaud.drv[0m
[1;90m   =================================================================================================[0m


    RegPath: [0m[1;32mHKLM\Software\Microsoft\Windows NT\CurrentVersion\Drivers32[0m
    Key: midimapper
    Folder: None ([0m[1;31mPATH Injection[0m)
    File: [0m[1;32mmidimap.dll[0m
[1;90m   =================================================================================================[0m


    RegPath: [0m[1;32mHKLM\Software\Microsoft\Windows NT\CurrentVersion\Drivers32[0m
    Key: mixer
    Folder: None ([0m[1;31mPATH Injection[0m)
    File: [0m[1;32mwdmaud.drv[0m
[1;90m   =================================================================================================[0m


    RegPath: [0m[1;32mHKLM\Software\Microsoft\Windows NT\CurrentVersion\Drivers32[0m
    Key: msacm.imaadpcm
    Folder: None ([0m[1;31mPATH Injection[0m)
    File: [0m[1;32mimaadp32.acm[0m
[1;90m   =================================================================================================[0m


    RegPath: [0m[1;32mHKLM\Software\Microsoft\Windows NT\CurrentVersion\Drivers32[0m
    Key: msacm.msadpcm
    Folder: None ([0m[1;31mPATH Injection[0m)
    File: [0m[1;32mmsadp32.acm[0m
[1;90m   =================================================================================================[0m


    RegPath: [0m[1;32mHKLM\Software\Microsoft\Windows NT\CurrentVersion\Drivers32[0m
    Key: msacm.msg711
    Folder: None ([0m[1;31mPATH Injection[0m)
    File: [0m[1;32mmsg711.acm[0m
[1;90m   =================================================================================================[0m


    RegPath: [0m[1;32mHKLM\Software\Microsoft\Windows NT\CurrentVersion\Drivers32[0m
    Key: msacm.msgsm610
    Folder: None ([0m[1;31mPATH Injection[0m)
    File: [0m[1;32mmsgsm32.acm[0m
[1;90m   =================================================================================================[0m


    RegPath: [0m[1;32mHKLM\Software\Microsoft\Windows NT\CurrentVersion\Drivers32[0m
    Key: vidc.i420
    Folder: None ([0m[1;31mPATH Injection[0m)
    File: [0m[1;32miyuv_32.dll[0m
[1;90m   =================================================================================================[0m


    RegPath: [0m[1;32mHKLM\Software\Microsoft\Windows NT\CurrentVersion\Drivers32[0m
    Key: vidc.iyuv
    Folder: None ([0m[1;31mPATH Injection[0m)
    File: [0m[1;32miyuv_32.dll[0m
[1;90m   =================================================================================================[0m


    RegPath: [0m[1;32mHKLM\Software\Microsoft\Windows NT\CurrentVersion\Drivers32[0m
    Key: vidc.mrle
    Folder: None ([0m[1;31mPATH Injection[0m)
    File: [0m[1;32mmsrle32.dll[0m
[1;90m   =================================================================================================[0m


    RegPath: [0m[1;32mHKLM\Software\Microsoft\Windows NT\CurrentVersion\Drivers32[0m
    Key: vidc.msvc
    Folder: None ([0m[1;31mPATH Injection[0m)
    File: [0m[1;32mmsvidc32.dll[0m
[1;90m   =================================================================================================[0m


    RegPath: [0m[1;32mHKLM\Software\Microsoft\Windows NT\CurrentVersion\Drivers32[0m
    Key: vidc.uyvy
    Folder: None ([0m[1;31mPATH Injection[0m)
    File: [0m[1;32mmsyuv.dll[0m
[1;90m   =================================================================================================[0m


    RegPath: [0m[1;32mHKLM\Software\Microsoft\Windows NT\CurrentVersion\Drivers32[0m
    Key: vidc.yuy2
    Folder: None ([0m[1;31mPATH Injection[0m)
    File: [0m[1;32mmsyuv.dll[0m
[1;90m   =================================================================================================[0m


    RegPath: [0m[1;32mHKLM\Software\Microsoft\Windows NT\CurrentVersion\Drivers32[0m
    Key: vidc.yvu9
    Folder: None ([0m[1;31mPATH Injection[0m)
    File: [0m[1;32mtsbyuv.dll[0m
[1;90m   =================================================================================================[0m


    RegPath: [0m[1;32mHKLM\Software\Microsoft\Windows NT\CurrentVersion\Drivers32[0m
    Key: vidc.yvyu
    Folder: None ([0m[1;31mPATH Injection[0m)
    File: [0m[1;32mmsyuv.dll[0m
[1;90m   =================================================================================================[0m


    RegPath: [0m[1;32mHKLM\Software\Microsoft\Windows NT\CurrentVersion\Drivers32[0m
    Key: wave
    Folder: None ([0m[1;31mPATH Injection[0m)
    File: [0m[1;32mwdmaud.drv[0m
[1;90m   =================================================================================================[0m


    RegPath: [0m[1;32mHKLM\Software\Microsoft\Windows NT\CurrentVersion\Drivers32[0m
    Key: wavemapper
    Folder: None ([0m[1;31mPATH Injection[0m)
    File: [0m[1;32mmsacm32.drv[0m
[1;90m   =================================================================================================[0m


    RegPath: [0m[1;32mHKLM\Software\Microsoft\Windows NT\CurrentVersion\Drivers32[0m
    Key: msacm.l3acm
    Folder: [0m[1;32mC:\Windows\System32[0m
    File: [0m[1;32mC:\Windows\System32[0m\l3codeca.acm
[1;90m   =================================================================================================[0m


    RegPath: [0m[1;32mHKLM\Software\Wow6432Node\Microsoft\Windows NT\CurrentVersion\Drivers32[0m
    Key: aux
    Folder: None ([0m[1;31mPATH Injection[0m)
    File: [0m[1;32mwdmaud.drv[0m
[1;90m   =================================================================================================[0m


    RegPath: [0m[1;32mHKLM\Software\Wow6432Node\Microsoft\Windows NT\CurrentVersion\Drivers32[0m
    Key: midi
    Folder: None ([0m[1;31mPATH Injection[0m)
    File: [0m[1;32mwdmaud.drv[0m
[1;90m   =================================================================================================[0m


    RegPath: [0m[1;32mHKLM\Software\Wow6432Node\Microsoft\Windows NT\CurrentVersion\Drivers32[0m
    Key: midimapper
    Folder: None ([0m[1;31mPATH Injection[0m)
    File: [0m[1;32mmidimap.dll[0m
[1;90m   =================================================================================================[0m


    RegPath: [0m[1;32mHKLM\Software\Wow6432Node\Microsoft\Windows NT\CurrentVersion\Drivers32[0m
    Key: mixer
    Folder: None ([0m[1;31mPATH Injection[0m)
    File: [0m[1;32mwdmaud.drv[0m
[1;90m   =================================================================================================[0m


    RegPath: [0m[1;32mHKLM\Software\Wow6432Node\Microsoft\Windows NT\CurrentVersion\Drivers32[0m
    Key: msacm.imaadpcm
    Folder: None ([0m[1;31mPATH Injection[0m)
    File: [0m[1;32mimaadp32.acm[0m
[1;90m   =================================================================================================[0m


    RegPath: [0m[1;32mHKLM\Software\Wow6432Node\Microsoft\Windows NT\CurrentVersion\Drivers32[0m
    Key: msacm.msadpcm
    Folder: None ([0m[1;31mPATH Injection[0m)
    File: [0m[1;32mmsadp32.acm[0m
[1;90m   =================================================================================================[0m


    RegPath: [0m[1;32mHKLM\Software\Wow6432Node\Microsoft\Windows NT\CurrentVersion\Drivers32[0m
    Key: msacm.msg711
    Folder: None ([0m[1;31mPATH Injection[0m)
    File: [0m[1;32mmsg711.acm[0m
[1;90m   =================================================================================================[0m


    RegPath: [0m[1;32mHKLM\Software\Wow6432Node\Microsoft\Windows NT\CurrentVersion\Drivers32[0m
    Key: msacm.msgsm610
    Folder: None ([0m[1;31mPATH Injection[0m)
    File: [0m[1;32mmsgsm32.acm[0m
[1;90m   =================================================================================================[0m


    RegPath: [0m[1;32mHKLM\Software\Wow6432Node\Microsoft\Windows NT\CurrentVersion\Drivers32[0m
    Key: vidc.cvid
    Folder: None ([0m[1;31mPATH Injection[0m)
    File: [0m[1;32miccvid.dll[0m
[1;90m   =================================================================================================[0m


    RegPath: [0m[1;32mHKLM\Software\Wow6432Node\Microsoft\Windows NT\CurrentVersion\Drivers32[0m
    Key: vidc.i420
    Folder: None ([0m[1;31mPATH Injection[0m)
    File: [0m[1;32miyuv_32.dll[0m
[1;90m   =================================================================================================[0m


    RegPath: [0m[1;32mHKLM\Software\Wow6432Node\Microsoft\Windows NT\CurrentVersion\Drivers32[0m
    Key: vidc.iyuv
    Folder: None ([0m[1;31mPATH Injection[0m)
    File: [0m[1;32miyuv_32.dll[0m
[1;90m   =================================================================================================[0m


    RegPath: [0m[1;32mHKLM\Software\Wow6432Node\Microsoft\Windows NT\CurrentVersion\Drivers32[0m
    Key: vidc.mrle
    Folder: None ([0m[1;31mPATH Injection[0m)
    File: [0m[1;32mmsrle32.dll[0m
[1;90m   =================================================================================================[0m


    RegPath: [0m[1;32mHKLM\Software\Wow6432Node\Microsoft\Windows NT\CurrentVersion\Drivers32[0m
    Key: vidc.msvc
    Folder: None ([0m[1;31mPATH Injection[0m)
    File: [0m[1;32mmsvidc32.dll[0m
[1;90m   =================================================================================================[0m


    RegPath: [0m[1;32mHKLM\Software\Wow6432Node\Microsoft\Windows NT\CurrentVersion\Drivers32[0m
    Key: vidc.uyvy
    Folder: None ([0m[1;31mPATH Injection[0m)
    File: [0m[1;32mmsyuv.dll[0m
[1;90m   =================================================================================================[0m


    RegPath: [0m[1;32mHKLM\Software\Wow6432Node\Microsoft\Windows NT\CurrentVersion\Drivers32[0m
    Key: vidc.yuy2
    Folder: None ([0m[1;31mPATH Injection[0m)
    File: [0m[1;32mmsyuv.dll[0m
[1;90m   =================================================================================================[0m


    RegPath: [0m[1;32mHKLM\Software\Wow6432Node\Microsoft\Windows NT\CurrentVersion\Drivers32[0m
    Key: vidc.yvu9
    Folder: None ([0m[1;31mPATH Injection[0m)
    File: [0m[1;32mtsbyuv.dll[0m
[1;90m   =================================================================================================[0m


    RegPath: [0m[1;32mHKLM\Software\Wow6432Node\Microsoft\Windows NT\CurrentVersion\Drivers32[0m
    Key: vidc.yvyu
    Folder: None ([0m[1;31mPATH Injection[0m)
    File: [0m[1;32mmsyuv.dll[0m
[1;90m   =================================================================================================[0m


    RegPath: [0m[1;32mHKLM\Software\Wow6432Node\Microsoft\Windows NT\CurrentVersion\Drivers32[0m
    Key: wave
    Folder: None ([0m[1;31mPATH Injection[0m)
    File: [0m[1;32mwdmaud.drv[0m
[1;90m   =================================================================================================[0m


    RegPath: [0m[1;32mHKLM\Software\Wow6432Node\Microsoft\Windows NT\CurrentVersion\Drivers32[0m
    Key: wavemapper
    Folder: None ([0m[1;31mPATH Injection[0m)
    File: [0m[1;32mmsacm32.drv[0m
[1;90m   =================================================================================================[0m


    RegPath: [0m[1;32mHKLM\Software\Wow6432Node\Microsoft\Windows NT\CurrentVersion\Drivers32[0m
    Key: msacm.l3acm
    Folder: [0m[1;32mC:\Windows\SysWOW64[0m
    File: [0m[1;32mC:\Windows\SysWOW64[0m\l3codeca.acm
[1;90m   =================================================================================================[0m


    RegPath: [0m[1;32mHKLM\System\CurrentControlSet\Control\Session Manager\KnownDlls[0m
    Key: _wow64cpu
    Folder: None ([0m[1;31mPATH Injection[0m)
    File: [0m[1;32mwow64cpu.dll[0m
[1;90m   =================================================================================================[0m


    RegPath: [0m[1;32mHKLM\System\CurrentControlSet\Control\Session Manager\KnownDlls[0m
    Key: _wowarmhw
    Folder: None ([0m[1;31mPATH Injection[0m)
    File: [0m[1;32mwowarmhw.dll[0m
[1;90m   =================================================================================================[0m


    RegPath: [0m[1;32mHKLM\System\CurrentControlSet\Control\Session Manager\KnownDlls[0m
    Key: _xtajit
    Folder: None ([0m[1;31mPATH Injection[0m)
    File: [0m[1;32mxtajit.dll[0m
[1;90m   =================================================================================================[0m


    RegPath: [0m[1;32mHKLM\System\CurrentControlSet\Control\Session Manager\KnownDlls[0m
    Key: advapi32
    Folder: None ([0m[1;31mPATH Injection[0m)
    File: [0m[1;32madvapi32.dll[0m
[1;90m   =================================================================================================[0m


    RegPath: [0m[1;32mHKLM\System\CurrentControlSet\Control\Session Manager\KnownDlls[0m
    Key: clbcatq
    Folder: None ([0m[1;31mPATH Injection[0m)
    File: [0m[1;32mclbcatq.dll[0m
[1;90m   =================================================================================================[0m


    RegPath: [0m[1;32mHKLM\System\CurrentControlSet\Control\Session Manager\KnownDlls[0m
    Key: combase
    Folder: None ([0m[1;31mPATH Injection[0m)
    File: [0m[1;32mcombase.dll[0m
[1;90m   =================================================================================================[0m


    RegPath: [0m[1;32mHKLM\System\CurrentControlSet\Control\Session Manager\KnownDlls[0m
    Key: COMDLG32
    Folder: None ([0m[1;31mPATH Injection[0m)
    File: [0m[1;32mCOMDLG32.dll[0m
[1;90m   =================================================================================================[0m


    RegPath: [0m[1;32mHKLM\System\CurrentControlSet\Control\Session Manager\KnownDlls[0m
    Key: coml2
    Folder: None ([0m[1;31mPATH Injection[0m)
    File: [0m[1;32mcoml2.dll[0m
[1;90m   =================================================================================================[0m


    RegPath: [0m[1;32mHKLM\System\CurrentControlSet\Control\Session Manager\KnownDlls[0m
    Key: DifxApi
    Folder: None ([0m[1;31mPATH Injection[0m)
    File: [0m[1;32mdifxapi.dll[0m
[1;90m   =================================================================================================[0m


    RegPath: [0m[1;32mHKLM\System\CurrentControlSet\Control\Session Manager\KnownDlls[0m
    Key: gdi32
    Folder: None ([0m[1;31mPATH Injection[0m)
    File: [0m[1;32mgdi32.dll[0m
[1;90m   =================================================================================================[0m


    RegPath: [0m[1;32mHKLM\System\CurrentControlSet\Control\Session Manager\KnownDlls[0m
    Key: gdiplus
    Folder: None ([0m[1;31mPATH Injection[0m)
    File: [0m[1;32mgdiplus.dll[0m
[1;90m   =================================================================================================[0m


    RegPath: [0m[1;32mHKLM\System\CurrentControlSet\Control\Session Manager\KnownDlls[0m
    Key: IMAGEHLP
    Folder: None ([0m[1;31mPATH Injection[0m)
    File: [0m[1;32mIMAGEHLP.dll[0m
[1;90m   =================================================================================================[0m


    RegPath: [0m[1;32mHKLM\System\CurrentControlSet\Control\Session Manager\KnownDlls[0m
    Key: IMM32
    Folder: None ([0m[1;31mPATH Injection[0m)
    File: [0m[1;32mIMM32.dll[0m
[1;90m   =================================================================================================[0m


    RegPath: [0m[1;32mHKLM\System\CurrentControlSet\Control\Session Manager\KnownDlls[0m
    Key: kernel32
    Folder: None ([0m[1;31mPATH Injection[0m)
    File: [0m[1;32mkernel32.dll[0m
[1;90m   =================================================================================================[0m


    RegPath: [0m[1;32mHKLM\System\CurrentControlSet\Control\Session Manager\KnownDlls[0m
    Key: MSCTF
    Folder: None ([0m[1;31mPATH Injection[0m)
    File: [0m[1;32mMSCTF.dll[0m
[1;90m   =================================================================================================[0m


    RegPath: [0m[1;32mHKLM\System\CurrentControlSet\Control\Session Manager\KnownDlls[0m
    Key: MSVCRT
    Folder: None ([0m[1;31mPATH Injection[0m)
    File: [0m[1;32mMSVCRT.dll[0m
[1;90m   =================================================================================================[0m


    RegPath: [0m[1;32mHKLM\System\CurrentControlSet\Control\Session Manager\KnownDlls[0m
    Key: NORMALIZ
    Folder: None ([0m[1;31mPATH Injection[0m)
    File: [0m[1;32mNORMALIZ.dll[0m
[1;90m   =================================================================================================[0m


    RegPath: [0m[1;32mHKLM\System\CurrentControlSet\Control\Session Manager\KnownDlls[0m
    Key: NSI
    Folder: None ([0m[1;31mPATH Injection[0m)
    File: [0m[1;32mNSI.dll[0m
[1;90m   =================================================================================================[0m


    RegPath: [0m[1;32mHKLM\System\CurrentControlSet\Control\Session Manager\KnownDlls[0m
    Key: ole32
    Folder: None ([0m[1;31mPATH Injection[0m)
    File: [0m[1;32mole32.dll[0m
[1;90m   =================================================================================================[0m


    RegPath: [0m[1;32mHKLM\System\CurrentControlSet\Control\Session Manager\KnownDlls[0m
    Key: OLEAUT32
    Folder: None ([0m[1;31mPATH Injection[0m)
    File: [0m[1;32mOLEAUT32.dll[0m
[1;90m   =================================================================================================[0m


    RegPath: [0m[1;32mHKLM\System\CurrentControlSet\Control\Session Manager\KnownDlls[0m
    Key: PSAPI
    Folder: None ([0m[1;31mPATH Injection[0m)
    File: [0m[1;32mPSAPI.DLL[0m
[1;90m   =================================================================================================[0m


    RegPath: [0m[1;32mHKLM\System\CurrentControlSet\Control\Session Manager\KnownDlls[0m
    Key: rpcrt4
    Folder: None ([0m[1;31mPATH Injection[0m)
    File: [0m[1;32mrpcrt4.dll[0m
[1;90m   =================================================================================================[0m


    RegPath: [0m[1;32mHKLM\System\CurrentControlSet\Control\Session Manager\KnownDlls[0m
    Key: sechost
    Folder: None ([0m[1;31mPATH Injection[0m)
    File: [0m[1;32msechost.dll[0m
[1;90m   =================================================================================================[0m


    RegPath: [0m[1;32mHKLM\System\CurrentControlSet\Control\Session Manager\KnownDlls[0m
    Key: Setupapi
    Folder: None ([0m[1;31mPATH Injection[0m)
    File: [0m[1;32mSetupapi.dll[0m
[1;90m   =================================================================================================[0m


    RegPath: [0m[1;32mHKLM\System\CurrentControlSet\Control\Session Manager\KnownDlls[0m
    Key: SHCORE
    Folder: None ([0m[1;31mPATH Injection[0m)
    File: [0m[1;32mSHCORE.dll[0m
[1;90m   =================================================================================================[0m


    RegPath: [0m[1;32mHKLM\System\CurrentControlSet\Control\Session Manager\KnownDlls[0m
    Key: SHELL32
    Folder: None ([0m[1;31mPATH Injection[0m)
    File: [0m[1;32mSHELL32.dll[0m
[1;90m   =================================================================================================[0m


    RegPath: [0m[1;32mHKLM\System\CurrentControlSet\Control\Session Manager\KnownDlls[0m
    Key: SHLWAPI
    Folder: None ([0m[1;31mPATH Injection[0m)
    File: [0m[1;32mSHLWAPI.dll[0m
[1;90m   =================================================================================================[0m


    RegPath: [0m[1;32mHKLM\System\CurrentControlSet\Control\Session Manager\KnownDlls[0m
    Key: user32
    Folder: None ([0m[1;31mPATH Injection[0m)
    File: [0m[1;32muser32.dll[0m
[1;90m   =================================================================================================[0m


    RegPath: [0m[1;32mHKLM\System\CurrentControlSet\Control\Session Manager\KnownDlls[0m
    Key: WLDAP32
    Folder: None ([0m[1;31mPATH Injection[0m)
    File: [0m[1;32mWLDAP32.dll[0m
[1;90m   =================================================================================================[0m


    RegPath: [0m[1;32mHKLM\System\CurrentControlSet\Control\Session Manager\KnownDlls[0m
    Key: wow64
    Folder: None ([0m[1;31mPATH Injection[0m)
    File: [0m[1;32mwow64.dll[0m
[1;90m   =================================================================================================[0m


    RegPath: [0m[1;32mHKLM\System\CurrentControlSet\Control\Session Manager\KnownDlls[0m
    Key: wow64win
    Folder: None ([0m[1;31mPATH Injection[0m)
    File: [0m[1;32mwow64win.dll[0m
[1;90m   =================================================================================================[0m


    RegPath: [0m[1;32mHKLM\System\CurrentControlSet\Control\Session Manager\KnownDlls[0m
    Key: WS2_32
    Folder: None ([0m[1;31mPATH Injection[0m)
    File: [0m[1;32mWS2_32.dll[0m
[1;90m   =================================================================================================[0m


    RegPath: HKLM[0m[1;31m[0m[1;31m[0m[1;31m[0m[1;31m[0m[1;31m\[0m[0m[0m[0m[0mSoftware[0m[1;31m[0m[1;31m[0m[1;31m[0m[1;31m[0m[1;31m\[0m[0m[0m[0m[0mMicrosoft[0m[1;31m[0m[1;31m[0m[1;31m[0m[1;31m[0m[1;31m\[0m[0m[0m[0m[0mActive Setup[0m[1;31m[0m[1;31m[0m[1;31m[0m[1;31m[0m[1;31m\[0m[0m[0m[0m[0mInstalled Components[0m[1;31m[0m[1;31m[0m[1;31m[0m[1;31m[0m[1;31m\[0m[0m[0m[0m[0m{2C7339CF-2B09-4501-B3F3-F3508C9228ED}
    Key: StubPath
    Folder: [0m[1;31m\[0m
    [0m[1;31mFolderPerms: Authenticated Users [AppendData/CreateDirectories][0m
    File: [0m[1;32m/UserInstall[0m
[1;90m   =================================================================================================[0m


    RegPath: [0m[1;32mHKLM\Software\Microsoft\Active Setup\Installed Components\{6BF52A52-394A-11d3-B153-00C04F79FAA6}[0m
    Key: StubPath
    Folder: [0m[1;32mC:\Windows\system32[0m
    File: [0m[1;32mC:\Windows\system32[0m\unregmp2.exe /FirstLogon
[1;90m   =================================================================================================[0m


    RegPath: [0m[1;32mHKLM\Software\Microsoft\Active Setup\Installed Components\{89820200-ECBD-11cf-8B85-00AA005B4340}[0m
    Key: StubPath
    Folder: None ([0m[1;31mPATH Injection[0m)
    File: [0m[1;32mU[0m
[1;90m   =================================================================================================[0m


    RegPath: [0m[1;32mHKLM\Software\Microsoft\Active Setup\Installed Components\{89820200-ECBD-11cf-8B85-00AA005B4383}[0m
    Key: StubPath
    Folder: [0m[1;32mC:\Windows\System32[0m
    File: [0m[1;32mC:\Windows\System32[0m\ie4uinit.exe -UserConfig
[1;90m   =================================================================================================[0m


    RegPath: [0m[1;32mHKLM\Software\Microsoft\Active Setup\Installed Components\{89B4C1CD-B018-4511-B0A1-5476DBF70820}[0m
    Key: StubPath
    Folder: [0m[1;32mC:\Windows\System32[0m
    File: [0m[1;32m[0m[1;32mC:\Windows\System32[0m[0m\Rundll32.exe [0m[1;32m[0m[1;32mC:\Windows\System32[0m[0m\mscories.dll,Install
[1;90m   =================================================================================================[0m


    RegPath: [0m[1;32mHKLM\Software\Microsoft\Active Setup\Installed Components\{9459C573-B17A-45AE-9F64-1857B5D58CEE}[0m
    Key: StubPath
    Folder: [0m[1;32mC:\Program Files (x86)\Microsoft\Edge\Application\100.0.1185.29\Installer[0m
    File: [0m[1;32mC:\Program Files (x86)\Microsoft\Edge\Application\100.0.1185.29\Installer[0m\setup.exe --configure-user-settings --verbose-logging --system-level --msedge --channel=stable ([0m[1;31mUnquoted and Space detected[0m)
[1;90m   =================================================================================================[0m


    RegPath: [0m[1;32mHKLM\Software\Wow6432Node\Microsoft\Active Setup\Installed Components\{6BF52A52-394A-11d3-B153-00C04F79FAA6}[0m
    Key: StubPath
    Folder: [0m[1;32mC:\Windows\system32[0m
    File: [0m[1;32mC:\Windows\system32[0m\unregmp2.exe /FirstLogon
[1;90m   =================================================================================================[0m


    RegPath: [0m[1;32mHKLM\Software\Wow6432Node\Microsoft\Active Setup\Installed Components\{89B4C1CD-B018-4511-B0A1-5476DBF70820}[0m
    Key: StubPath
    Folder: [0m[1;32mC:\Windows\SysWOW64[0m
    File: [0m[1;32m[0m[1;32mC:\Windows\SysWOW64[0m[0m\Rundll32.exe [0m[1;32m[0m[1;32mC:\Windows\SysWOW64[0m[0m\mscories.dll,Install
[1;90m   =================================================================================================[0m


    RegPath: [0m[1;32mHKLM\Software\Microsoft\Windows\CurrentVersion\Explorer\Browser Helper Objects\{1FD49718-1D00-4B19-AF5F-070AF6D5D54C}[0m
    Folder: [0m[1;32mC:\Program Files (x86)\Microsoft\Edge\Application\100.0.1185.29\BHO[0m
    File: [0m[1;32mC:\Program Files (x86)\Microsoft\Edge\Application\100.0.1185.29\BHO[0m\ie_to_edge_bho_64.dll ([0m[1;31mUnquoted and Space detected[0m)
[1;90m   =================================================================================================[0m


    RegPath: [0m[1;32mHKLM\Software\Wow6432Node\Microsoft\Windows\CurrentVersion\Explorer\Browser Helper Objects\{1FD49718-1D00-4B19-AF5F-070AF6D5D54C}[0m
    Folder: [0m[1;32mC:\Program Files (x86)\Microsoft\Edge\Application\100.0.1185.29\BHO[0m
    File: [0m[1;32mC:\Program Files (x86)\Microsoft\Edge\Application\100.0.1185.29\BHO[0m\ie_to_edge_bho_64.dll ([0m[1;31mUnquoted and Space detected[0m)
[1;90m   =================================================================================================[0m


    Folder: [0m[1;32mC:\ProgramData\Microsoft\Windows\Start Menu\Programs\Startup[0m
    File: [0m[1;32mC:\ProgramData\Microsoft\Windows\Start Menu\Programs\Startup[0m\desktop.ini ([0m[1;31mUnquoted and Space detected[0m)
[1;90m   =================================================================================================[0m


    Folder: [0m[1;31mC:\Users\celia.almeda\AppData\Roaming\Microsoft\Windows\Start Menu\Programs\Startup[0m
    [0m[1;31mFolderPerms: celia.almeda [AllAccess][0m
    File: [0m[1;31mC:\Users\celia.almeda\AppData\Roaming\Microsoft\Windows\Start Menu\Programs\Startup[0m\desktop.ini ([0m[1;31mUnquoted and Space detected[0m)
    [0m[1;31mFilePerms: celia.almeda [AllAccess][0m
[1;90m   =================================================================================================[0m


    Folder: [0m[1;31mC:\windows\tasks[0m
    [0m[1;31mFolderPerms: Authenticated Users [WriteData/CreateFiles][0m
[1;90m   =================================================================================================[0m


    Folder: [0m[1;31mC:\windows\system32\tasks[0m
    [0m[1;31mFolderPerms: Authenticated Users [WriteData/CreateFiles][0m
[1;90m   =================================================================================================[0m


    Folder: [0m[1;32mC:\windows[0m
    File: [0m[1;32mC:\windows[0m\system.ini
[1;90m   =================================================================================================[0m


    Folder: [0m[1;32mC:\windows[0m
    File: [0m[1;32mC:\windows[0m\win.ini
[1;90m   =================================================================================================[0m


[1;36m╔══════════╣ [1;32mScheduled Applications --Non Microsoft--[0m
[1;36m╚ [1;34mCheck if you can modify other users scheduled binaries [1;33mhttps://book.hacktricks.xyz/windows-hardening/windows-local-privilege-escalation/privilege-escalation-with-autorun-binaries[0m

[1;36m╔══════════╣ [1;32mDevice Drivers --Non Microsoft--[0m
[1;36m╚ [1;34mCheck 3rd party drivers for known vulnerabilities/rootkits. [1;33mhttps://book.hacktricks.xyz/windows-hardening/windows-local-privilege-escalation#vulnerable-drivers[0m
    QLogic 10 GigE - 7.13.65.105 [QLogic Corporation]: [0m[1;32m\\.\GLOBALROOT\SystemRoot\System32\drivers\evbda.sys[0m
    QLogic Gigabit Ethernet - 7.12.31.105 [QLogic Corporation]: [0m[1;32m\\.\GLOBALROOT\SystemRoot\System32\drivers\bxvbda.sys[0m
    VMware vSockets Service - 9.8.19.0 build-18956547 [VMware, Inc.]: [0m[1;32m\\.\GLOBALROOT\SystemRoot\system32\DRIVERS\vsock.sys[0m
    NVIDIA nForce(TM) RAID Driver - 10.6.0.23 [NVIDIA Corporation]: [0m[1;32m\\.\GLOBALROOT\SystemRoot\System32\drivers\nvraid.sys[0m
    VMware PCI VMCI Bus Device - 9.8.18.0 build-18956547 [VMware, Inc.]: [0m[1;32m\\.\GLOBALROOT\SystemRoot\System32\drivers\vmci.sys[0m
    Intel Matrix Storage Manager driver - 8.6.2.1019 [Intel Corporation]: [0m[1;32m\\.\GLOBALROOT\SystemRoot\System32\drivers\iaStorV.sys[0m
    VIA RAID driver - 7.0.9600,6352 [VIA Technologies Inc.,Ltd]: [0m[1;32m\\.\GLOBALROOT\SystemRoot\System32\drivers\vsmraid.sys[0m
    LSI 3ware RAID Controller - WindowsBlue [LSI]: [0m[1;32m\\.\GLOBALROOT\SystemRoot\System32\drivers\3ware.sys[0m
    AHCI 1.3 Device Driver - 1.1.3.277 [Advanced Micro Devices]: [0m[1;32m\\.\GLOBALROOT\SystemRoot\System32\drivers\amdsata.sys[0m
    Storage Filter Driver - 1.1.3.277 [Advanced Micro Devices]: [0m[1;32m\\.\GLOBALROOT\SystemRoot\System32\drivers\amdxata.sys[0m
    AMD Technology AHCI Compatible Controller - 3.7.1540.43 [AMD Technologies Inc.]: [0m[1;32m\\.\GLOBALROOT\SystemRoot\System32\drivers\amdsbs.sys[0m
    Adaptec RAID Controller - 7.5.0.32048 [PMC-Sierra, Inc.]: [0m[1;32m\\.\GLOBALROOT\SystemRoot\System32\drivers\arcsas.sys[0m
    Windows (R) Win 7 DDK driver - 10.0.10011.16384 [Avago Technologies]: [0m[1;32m\\.\GLOBALROOT\SystemRoot\System32\drivers\ItSas35i.sys[0m
    LSI Fusion-MPT SAS Driver (StorPort) - 1.34.03.83 [LSI Corporation]: [0m[1;32m\\.\GLOBALROOT\SystemRoot\System32\drivers\lsi_sas.sys[0m
    Windows (R) Win 7 DDK driver - 10.0.10011.16384 [LSI Corporation]: [0m[1;32m\\.\GLOBALROOT\SystemRoot\System32\drivers\lsi_sas2i.sys[0m
    Windows (R) Win 7 DDK driver - 10.0.10011.16384 [Avago Technologies]: [0m[1;32m\\.\GLOBALROOT\SystemRoot\System32\drivers\lsi_sas3i.sys[0m
    LSI SSS PCIe/Flash Driver (StorPort) - 2.10.61.81 [LSI Corporation]: [0m[1;32m\\.\GLOBALROOT\SystemRoot\System32\drivers\lsi_sss.sys[0m
    MEGASAS RAID Controller Driver for Windows - 6.706.06.00 [Avago Technologies]: [0m[1;32m\\.\GLOBALROOT\SystemRoot\System32\drivers\megasas.sys[0m
    MEGASAS RAID Controller Driver for Windows - 6.714.20.00 [Avago Technologies]: [0m[1;32m\\.\GLOBALROOT\SystemRoot\System32\drivers\MegaSas2i.sys[0m
    MEGASAS RAID Controller Driver for Windows - 7.710.10.00 [Avago Technologies]: [0m[1;32m\\.\GLOBALROOT\SystemRoot\System32\drivers\megasas35i.sys[0m
    MegaRAID Software RAID - 15.02.2013.0129 [LSI Corporation, Inc.]: [0m[1;32m\\.\GLOBALROOT\SystemRoot\System32\drivers\megasr.sys[0m
    Marvell Flash Controller -  1.0.5.1016  [Marvell Semiconductor, Inc.]: [0m[1;32m\\.\GLOBALROOT\SystemRoot\System32\drivers\mvumis.sys[0m
    NVIDIA nForce(TM) SATA Driver - 10.6.0.23 [NVIDIA Corporation]: [0m[1;32m\\.\GLOBALROOT\SystemRoot\System32\drivers\nvstor.sys[0m
    MEGASAS RAID Controller Driver for Windows - 6.805.03.00 [Avago Technologies]: [0m[1;32m\\.\GLOBALROOT\SystemRoot\System32\drivers\percsas2i.sys[0m
    MEGASAS RAID Controller Driver for Windows - 6.604.06.00 [Avago Technologies]: [0m[1;32m\\.\GLOBALROOT\SystemRoot\System32\drivers\percsas3i.sys[0m
    Microsoft® Windows® Operating System - 2.60.01 [Silicon Integrated Systems Corp.]: [0m[1;32m\\.\GLOBALROOT\SystemRoot\System32\drivers\SiSRaid2.sys[0m
    Microsoft® Windows® Operating System - 6.1.6918.0 [Silicon Integrated Systems]: [0m[1;32m\\.\GLOBALROOT\SystemRoot\System32\drivers\sisraid4.sys[0m
    VIA StorX RAID Controller Driver - 8.0.9200.8110 [VIA Corporation]: [0m[1;32m\\.\GLOBALROOT\SystemRoot\System32\drivers\vstxraid.sys[0m
     Promise® SuperTrak EX Series -  5.1.0000.10 [Promise Technology, Inc.]: [0m[1;32m\\.\GLOBALROOT\SystemRoot\System32\drivers\stexstor.sys[0m
    Chelsio Communications iSCSI Controller - 10.0.10011.16384 [Chelsio Communications]: [0m[1;32m\\.\GLOBALROOT\SystemRoot\System32\drivers\cht4sx64.sys[0m
    Intel(R) Rapid Storage Technology driver (inbox) - 15.44.0.1015 [Intel Corporation]: [0m[1;32m\\.\GLOBALROOT\SystemRoot\System32\drivers\iaStorAVC.sys[0m
    PMC-Sierra HBA Controller - 1.3.0.10769 [PMC-Sierra]: [0m[1;32m\\.\GLOBALROOT\SystemRoot\System32\drivers\ADP80XX.SYS[0m
    Smart Array SAS/SATA Controller Media Driver - 8.0.4.0 Build 1 Media Driver (x86-64) [Hewlett-Packard Company]: [0m[1;32m\\.\GLOBALROOT\SystemRoot\System32\drivers\HpSAMD.sys[0m
    VMware PVSCSI StorPort driver (64-bit) - 1.3.17.0 build-17958848 [VMware, Inc.]: [0m[1;32m\\.\GLOBALROOT\SystemRoot\System32\drivers\pvscsi.sys[0m
    SmartRAID, SmartHBA PQI Storport Driver - 1.50.1.0 [Microsemi Corportation]: [0m[1;32m\\.\GLOBALROOT\SystemRoot\System32\drivers\SmartSAMD.sys[0m
    VMware Pointing PS/2 Device Driver - 12.5.12.0 build-18967789 [VMware, Inc.]: [0m[1;32m\\.\GLOBALROOT\SystemRoot\System32\drivers\vmmouse.sys[0m
    VMware SVGA 3D - 9.17.01.0002 - build-18913173 [VMware, Inc.]: [0m[1;32m\\.\GLOBALROOT\SystemRoot\system32\DRIVERS\vm3dmp_loader.sys[0m
    VMware SVGA 3D - 9.17.01.0002 - build-18913173 [VMware, Inc.]: [0m[1;32m\\.\GLOBALROOT\SystemRoot\system32\DRIVERS\vm3dmp.sys[0m
    VMware server memory controller - 7.5.7.0 build-18933738 [VMware, Inc.]: [0m[1;32m\\.\GLOBALROOT\SystemRoot\system32\DRIVERS\vmmemctl.sys[0m
    VMware PCIe Ethernet Adapter NDIS 6.30 (64-bit) - 1.9.5.0 build-18933738 [VMware, Inc.]: [0m[1;32m\\.\GLOBALROOT\SystemRoot\System32\drivers\vmxnet3.sys[0m
[1;32m
       /---------------------------------------------------------------------------------\
       |                             [34mDo you like PEASS?[1;32m                                  |
       |---------------------------------------------------------------------------------| 
       |         [33mGet the latest version[1;32m    :     [1;31mhttps://github.com/sponsors/carlospolop[1;32m |
       |         [33mFollow on Twitter[1;32m         :     [1;31m@hacktricks_live[1;32m                        |
       |         [33mRespect on HTB[1;32m            :     [1;31mSirBroccoli            [1;32m                 |
       |---------------------------------------------------------------------------------|
       |                                 [34mThank you![1;32m                                      |
       \---------------------------------------------------------------------------------/
[0m
