ANSI color bit for Windows is not set. If you are executing this from a Windows terminal inside the host you should run 'REG ADD HKCU\Console /v VirtualTerminalLevel /t REG_DWORD /d 1' and then start a new CMD
Long paths are disabled, so the maximum length of a path supported is 260 chars (this may cause false negatives when looking for files). If you are admin, you can enable it with 'REG ADD HKLM\SYSTEM\CurrentControlSet\Control\FileSystem /v VirtualTerminalLevel /t REG_DWORD /d 1' and then start a new CMD
[33m  WinPEAS-ng[0m[33m by @hacktricks_live[0m
[1;32m
       /---------------------------------------------------------------------------------\
       |                             [34mDo you like PEASS?[1;32m                                  |
       |---------------------------------------------------------------------------------| 
       |         [33mGet the latest version[1;32m    :     [1;31mhttps://github.com/sponsors/carlospolop[1;32m |
       |         [33mFollow on Twitter[1;32m         :     [1;31m@hacktricks_live[1;32m                        |
       |         [33mRespect on HTB[1;32m            :     [1;31mSirBroccoli            [1;32m                 |
       |---------------------------------------------------------------------------------|
       |                                 [34mThank you![1;32m                                      |
       \---------------------------------------------------------------------------------/
[0m
[33m  [+] [1;32mLegend:[0m
[1;31m         Red[1;37m                Indicates a special privilege over an object or something is misconfigured[0m
[1;32m         Green[1;37m              Indicates that some protection is enabled or something is well configured[0m
[36m         Cyan[1;37m               Indicates active users[0m
[34m         Blue[1;37m               Indicates disabled users[0m
[1;33m         LightYellow[1;37m        Indicates links[0m

[34m You can find a Windows local PE Checklist here: [33mhttps://book.hacktricks.xyz/windows-hardening/checklist-windows-privilege-escalation
[1;90m   Creating Dynamic lists, this could take a while, please wait...[0m
[1;90m   - Loading sensitive_files yaml definitions file...[0m
[1;90m   - Loading regexes yaml definitions file...[0m
[1;90m   - Checking if domain...[0m
[1;90m   - Getting Win32_UserAccount info...[0m
[1;90mError while getting Win32_UserAccount info: System.Management.ManagementException: Access denied 
   at System.Management.ThreadDispatch.Start()
   at System.Management.ManagementScope.Initialize()
   at System.Management.ManagementObjectSearcher.Initialize()
   at System.Management.ManagementObjectSearcher.Get()
   at winPEAS.Checks.Checks.CreateDynamicLists(Boolean isFileSearchEnabled)[0m
[1;90m   - Creating current user groups list...[0m
[1;90m   - Creating active users list (local only)...[0m
[1;90m  [X] Exception: Object reference not set to an instance of an object.[0m
[1;90m   - Creating disabled users list...[0m
[1;90m  [X] Exception: Object reference not set to an instance of an object.[0m
[1;90m   - Admin users list...[0m
[1;90m  [X] Exception: Object reference not set to an instance of an object.[0m
[1;90m   - Creating AppLocker bypass list...[0m
[1;90m   - Creating files/directories list for search...[0m
[1;90m        [skipped, file search is disabled][0m


[1;36mâ•â•â•â•â•â•â•â•â•â•â•â•â•â•â•â•â•â•â•â•â•â•â•â•â•â•â•â•â•â•â•â•â•â•â•â•â•£ [1;32mInteresting Events information[1;36m â• â•â•â•â•â•â•â•â•â•â•â•â•â•â•â•â•â•â•â•â•â•â•â•â•â•â•â•â•â•â•â•â•â•â•â•â•[0m

[1;36mâ•”â•â•â•â•â•â•â•â•â•â•â•£ [1;32mPrinting Explicit Credential Events (4648) for last 30 days - A process logged on using plaintext credentials
[0m
      You must be an administrator to run this check

[1;36mâ•”â•â•â•â•â•â•â•â•â•â•â•£ [1;32mPrinting Account Logon Events (4624) for the last 10 days.
[0m
      You must be an administrator to run this check

[1;36mâ•”â•â•â•â•â•â•â•â•â•â•â•£ [1;32mProcess creation events - searching logs (EID 4688) for sensitive data.
[0m
      You must be an administrator to run this check

[1;36mâ•”â•â•â•â•â•â•â•â•â•â•â•£ [1;32mPowerShell events - script block logs (EID 4104) - searching for sensitive data.
[0m
[1;90m  [X] Exception: Attempted to perform an unauthorized operation.[0m

[1;36mâ•”â•â•â•â•â•â•â•â•â•â•â•£ [1;32mDisplaying Power off/on events for last 5 days
[0m
System.UnauthorizedAccessException: Attempted to perform an unauthorized operation.
   at System.Diagnostics.Eventing.Reader.EventLogException.Throw(Int32 errorCode)
   at System.Diagnostics.Eventing.Reader.NativeWrapper.EvtQuery(EventLogHandle session, String path, String query, Int32 flags)
   at System.Diagnostics.Eventing.Reader.EventLogReader..ctor(EventLogQuery eventQuery, EventBookmark bookmark)
   at winPEAS.Helpers.MyUtils.GetEventLogReader(String path, String query, String computerName)
   at winPEAS.Info.EventsInfo.Power.Power.<GetPowerEventInfos>d__0.MoveNext()
   at winPEAS.Checks.EventsInfo.PowerOnEvents()
[1;32m
       /---------------------------------------------------------------------------------\
       |                             [34mDo you like PEASS?[1;32m                                  |
       |---------------------------------------------------------------------------------| 
       |         [33mGet the latest version[1;32m    :     [1;31mhttps://github.com/sponsors/carlospolop[1;32m |
       |         [33mFollow on Twitter[1;32m         :     [1;31m@hacktricks_live[1;32m                        |
       |         [33mRespect on HTB[1;32m            :     [1;31mSirBroccoli            [1;32m                 |
       |---------------------------------------------------------------------------------|
       |                                 [34mThank you![1;32m                                      |
       \---------------------------------------------------------------------------------/
[0m
