ANSI color bit for Windows is not set. If you are executing this from a Windows terminal inside the host you should run 'REG ADD HKCU\Console /v VirtualTerminalLevel /t REG_DWORD /d 1' and then start a new CMD
Long paths are disabled, so the maximum length of a path supported is 260 chars (this may cause false negatives when looking for files). If you are admin, you can enable it with 'REG ADD HKLM\SYSTEM\CurrentControlSet\Control\FileSystem /v VirtualTerminalLevel /t REG_DWORD /d 1' and then start a new CMD
[33m  WinPEAS-ng[0m[33m by @hacktricks_live[0m
[1;32m
       /---------------------------------------------------------------------------------\
       |                             [34mDo you like PEASS?[1;32m                                  |
       |---------------------------------------------------------------------------------| 
       |         [33mGet the latest version[1;32m    :     [1;31mhttps://github.com/sponsors/carlospolop[1;32m |
       |         [33mFollow on Twitter[1;32m         :     [1;31m@hacktricks_live[1;32m                        |
       |         [33mRespect on HTB[1;32m            :     [1;31mSirBroccoli            [1;32m                 |
       |---------------------------------------------------------------------------------|
       |                                 [34mThank you![1;32m                                      |
       \---------------------------------------------------------------------------------/
[0m
[33m  [+] [1;32mLegend:[0m
[1;31m         Red[1;37m                Indicates a special privilege over an object or something is misconfigured[0m
[1;32m         Green[1;37m              Indicates that some protection is enabled or something is well configured[0m
[36m         Cyan[1;37m               Indicates active users[0m
[34m         Blue[1;37m               Indicates disabled users[0m
[1;33m         LightYellow[1;37m        Indicates links[0m

[34m You can find a Windows local PE Checklist here: [33mhttps://book.hacktricks.xyz/windows-hardening/checklist-windows-privilege-escalation
[1;90m   Creating Dynamic lists, this could take a while, please wait...[0m
[1;90m   - Loading sensitive_files yaml definitions file...[0m
[1;90m   - Loading regexes yaml definitions file...[0m
[1;90m   - Checking if domain...[0m
[1;90m   - Getting Win32_UserAccount info...[0m
[1;90mError while getting Win32_UserAccount info: System.Management.ManagementException: Access denied 
   at System.Management.ThreadDispatch.Start()
   at System.Management.ManagementScope.Initialize()
   at System.Management.ManagementObjectSearcher.Initialize()
   at System.Management.ManagementObjectSearcher.Get()
   at winPEAS.Checks.Checks.CreateDynamicLists(Boolean isFileSearchEnabled)[0m
[1;90m   - Creating current user groups list...[0m
[1;90m   - Creating active users list (local only)...[0m
[1;90m  [X] Exception: Object reference not set to an instance of an object.[0m
[1;90m   - Creating disabled users list...[0m
[1;90m  [X] Exception: Object reference not set to an instance of an object.[0m
[1;90m   - Admin users list...[0m
[1;90m  [X] Exception: Object reference not set to an instance of an object.[0m
[1;90m   - Creating AppLocker bypass list...[0m
[1;90m   - Creating files/directories list for search...[0m
[1;90m        [skipped, file search is disabled][0m


[1;36mâ•â•â•â•â•â•â•â•â•â•â•â•â•â•â•â•â•â•â•â•â•â•â•â•â•â•â•â•â•â•â•â•â•â•â•â•â•£ [1;32mInteresting files and registry[1;36m â• â•â•â•â•â•â•â•â•â•â•â•â•â•â•â•â•â•â•â•â•â•â•â•â•â•â•â•â•â•â•â•â•â•â•â•â•[0m

[1;36mâ•”â•â•â•â•â•â•â•â•â•â•â•£ [1;32mPutty Sessions[0m
[1;90m    Not Found[0m

[1;36mâ•”â•â•â•â•â•â•â•â•â•â•â•£ [1;32mPutty SSH Host keys[0m
[1;90m    Not Found[0m

[1;36mâ•”â•â•â•â•â•â•â•â•â•â•â•£ [1;32mSSH keys in registry[0m
[1;36mâ•š [1;34mIf you find anything here, follow the link to learn how to decrypt the SSH keys [1;33mhttps://book.hacktricks.xyz/windows-hardening/windows-local-privilege-escalation#ssh-keys-in-registry[0m
[1;90m    Not Found[0m

[1;36mâ•”â•â•â•â•â•â•â•â•â•â•â•£ [1;32mSuperPutty configuration files[0m

[1;36mâ•”â•â•â•â•â•â•â•â•â•â•â•£ [1;32mEnumerating Office 365 endpoints synced by OneDrive.
[0m
    SID: S-1-5-19
[1;90m   =================================================================================================[0m

    SID: S-1-5-20
[1;90m   =================================================================================================[0m

    SID: S-1-5-21-2610934713-1581164095-2706428072-1105
      Name:  Personal
        UserFolder                                 C:\Users\celia.almeda\OneDrive
[1;90m   =================================================================================================[0m

    SID: S-1-5-21-2610934713-1581164095-2706428072-500
[1;90m   =================================================================================================[0m

    SID: S-1-5-80-1985561900-798682989-2213159822-1904180398-3434236965
[1;90m   =================================================================================================[0m

    SID: S-1-5-80-3880006512-4290199581-1648723128-3569869737-3631323133
[1;90m   =================================================================================================[0m

    SID: S-1-5-18
[1;90m   =================================================================================================[0m


[1;36mâ•”â•â•â•â•â•â•â•â•â•â•â•£ [1;32mCloud Credentials[0m
[1;36mâ•š [1;34m [1;33mhttps://book.hacktricks.xyz/windows-hardening/windows-local-privilege-escalation#credentials-inside-files[0m
[1;90m    Not Found[0m

[1;36mâ•”â•â•â•â•â•â•â•â•â•â•â•£ [1;32mUnattend Files[0m

[1;36mâ•”â•â•â•â•â•â•â•â•â•â•â•£ [1;32mLooking for common SAM & SYSTEM backups[0m

[1;36mâ•”â•â•â•â•â•â•â•â•â•â•â•£ [1;32mLooking for McAfee Sitelist.xml Files[0m

[1;36mâ•”â•â•â•â•â•â•â•â•â•â•â•£ [1;32mCached GPP Passwords[0m

[1;36mâ•”â•â•â•â•â•â•â•â•â•â•â•£ [1;32mLooking for possible regs with creds[0m
[1;36mâ•š [1;34m [1;33mhttps://book.hacktricks.xyz/windows-hardening/windows-local-privilege-escalation#inside-the-registry[0m
[1;90m    Not Found[0m
[1;90m    Not Found[0m
[1;90m    Not Found[0m
[1;90m    Not Found[0m

[1;36mâ•”â•â•â•â•â•â•â•â•â•â•â•£ [1;32mLooking for possible password files in users homes[0m
[1;36mâ•š [1;34m [1;33mhttps://book.hacktricks.xyz/windows-hardening/windows-local-privilege-escalation#credentials-inside-files[0m

[1;36mâ•”â•â•â•â•â•â•â•â•â•â•â•£ [1;32mSearching for Oracle SQL Developer config files
[0m

[1;36mâ•”â•â•â•â•â•â•â•â•â•â•â•£ [1;32mSlack files & directories[0m
[33m  note: check manually if something is found[0m

[1;36mâ•”â•â•â•â•â•â•â•â•â•â•â•£ [1;32mLooking for LOL Binaries and Scripts (can be slow)[0m
[1;36mâ•š [1;34m [1;33mhttps://lolbas-project.github.io/[0m
[33m   [!] Check skipped, if you want to run it, please specify '-lolbas' argument[0m

[1;36mâ•”â•â•â•â•â•â•â•â•â•â•â•£ [1;32mEnumerating Outlook download files
[0m

[1;36mâ•”â•â•â•â•â•â•â•â•â•â•â•£ [1;32mEnumerating machine and user certificate files
[0m

[1;36mâ•”â•â•â•â•â•â•â•â•â•â•â•£ [1;32mSearching known files that can contain creds in home[0m
[1;36mâ•š [1;34m [1;33mhttps://book.hacktricks.xyz/windows-hardening/windows-local-privilege-escalation#credentials-inside-files[0m

[1;36mâ•”â•â•â•â•â•â•â•â•â•â•â•£ [1;32mLooking for documents --limit 100--[0m
[1;90m    Not Found[0m

[1;36mâ•”â•â•â•â•â•â•â•â•â•â•â•£ [1;32mOffice Most Recent Files -- limit 50
[0m
[1;34m  Last Access Date           User                                           Application           Document[0m

[1;36mâ•”â•â•â•â•â•â•â•â•â•â•â•£ [1;32mRecent files --limit 70--[0m
[1;90m    Not Found[0m

[1;36mâ•”â•â•â•â•â•â•â•â•â•â•â•£ [1;32mLooking inside the Recycle Bin for creds files[0m
[1;36mâ•š [1;34m [1;33mhttps://book.hacktricks.xyz/windows-hardening/windows-local-privilege-escalation#credentials-inside-files[0m
[1;90m    Not Found[0m

[1;36mâ•”â•â•â•â•â•â•â•â•â•â•â•£ [1;32mSearching hidden files or folders in C:\Users home (can be slow)
[0m

[1;36mâ•”â•â•â•â•â•â•â•â•â•â•â•£ [1;32mSearching interesting files in other users home directories (can be slow)
[0m
[1;90m  [X] Exception: Object reference not set to an instance of an object.[0m

[1;36mâ•”â•â•â•â•â•â•â•â•â•â•â•£ [1;32mSearching executable files in non-default folders with write (equivalent) permissions (can be slow)[0m
     File Permissions "C:\Users\celia.almeda\Documents\LaZagne.exe": celia.almeda [AllAccess]
     File Permissions "C:\Users\celia.almeda\Documents\Seatbelt.exe": celia.almeda [AllAccess]
     File Permissions "C:\Users\celia.almeda\Documents\winPEASany.exe": celia.almeda [AllAccess]
     File Permissions "C:\Users\celia.almeda\Documents\winpeas_log.ps1": celia.almeda [AllAccess]
     File Permissions "C:\Users\celia.almeda\AppData\Local\Microsoft\OneDrive\OneDriveStandaloneUpdater.exe": celia.almeda [AllAccess]
     File Permissions "C:\Users\celia.almeda\AppData\Local\Microsoft\OneDrive\OneDrive.exe": celia.almeda [AllAccess]
     File Permissions "C:\Users\celia.almeda\AppData\Local\Microsoft\OneDrive\Update\OneDriveSetup.exe": celia.almeda [AllAccess]
     File Permissions "C:\Users\celia.almeda\AppData\Local\Microsoft\OneDrive\21.220.1024.0005\CollectSyncLogs.bat": celia.almeda [AllAccess]
     File Permissions "C:\Users\celia.almeda\AppData\Local\Microsoft\OneDrive\21.220.1024.0005\FileCoAuth.exe": celia.almeda [AllAccess]
     File Permissions "C:\Users\celia.almeda\AppData\Local\Microsoft\OneDrive\21.220.1024.0005\FileSyncConfig.exe": celia.almeda [AllAccess]
     File Permissions "C:\Users\celia.almeda\AppData\Local\Microsoft\OneDrive\21.220.1024.0005\FileSyncHelper.exe": celia.almeda [AllAccess]
     File Permissions "C:\Users\celia.almeda\AppData\Local\Microsoft\OneDrive\21.220.1024.0005\Microsoft.SharePoint.exe": celia.almeda [AllAccess]
     File Permissions "C:\Users\celia.almeda\AppData\Local\Microsoft\OneDrive\21.220.1024.0005\Microsoft.SharePoint.NativeMessagingClient.exe": celia.almeda [AllAccess]
     File Permissions "C:\Users\celia.almeda\AppData\Local\Microsoft\OneDrive\21.220.1024.0005\OneDriveFileLauncher.exe": celia.almeda [AllAccess]
     File Permissions "C:\Users\celia.almeda\AppData\Local\Microsoft\OneDrive\21.220.1024.0005\OneDriveSetup.exe": celia.almeda [AllAccess]
     File Permissions "C:\Users\celia.almeda\AppData\Local\Microsoft\OneDrive\21.220.1024.0005\OneDriveUpdaterService.exe": celia.almeda [AllAccess]
     File Permissions "C:\Users\celia.almeda\AppData\Local\Microsoft\WindowsApps\python3.exe": celia.almeda [AllAccess]
     File Permissions "C:\Users\celia.almeda\AppData\Local\Microsoft\WindowsApps\python3.7.exe": celia.almeda [AllAccess]
     File Permissions "C:\Users\celia.almeda\AppData\Local\Microsoft\WindowsApps\python.exe": celia.almeda [AllAccess]
     File Permissions "C:\Users\celia.almeda\AppData\Local\Microsoft\WindowsApps\MicrosoftEdge.exe": celia.almeda [AllAccess]
     File Permissions "C:\Users\celia.almeda\AppData\Local\Microsoft\WindowsApps\Microsoft.MicrosoftEdge_8wekyb3d8bbwe\MicrosoftEdge.exe": celia.almeda [AllAccess]
     File Permissions "C:\Users\celia.almeda\AppData\Local\Microsoft\WindowsApps\Microsoft.DesktopAppInstaller_8wekyb3d8bbwe\python3.exe": celia.almeda [AllAccess]
     File Permissions "C:\Users\celia.almeda\AppData\Local\Microsoft\WindowsApps\Microsoft.DesktopAppInstaller_8wekyb3d8bbwe\python3.7.exe": celia.almeda [AllAccess]
     File Permissions "C:\Users\celia.almeda\AppData\Local\Microsoft\WindowsApps\Microsoft.DesktopAppInstaller_8wekyb3d8bbwe\python.exe": celia.almeda [AllAccess]

[1;36mâ•”â•â•â•â•â•â•â•â•â•â•â•£ [1;32mLooking for Linux shells/distributions - wsl.exe, bash.exe[0m
[1;31m    C:\Windows\System32\wsl.exe[0m
[1;31m[0m
[1;32m    WSL - no installed Linux distributions found.[0m
[1;32m
       /---------------------------------------------------------------------------------\
       |                             [34mDo you like PEASS?[1;32m                                  |
       |---------------------------------------------------------------------------------| 
       |         [33mGet the latest version[1;32m    :     [1;31mhttps://github.com/sponsors/carlospolop[1;32m |
       |         [33mFollow on Twitter[1;32m         :     [1;31m@hacktricks_live[1;32m                        |
       |         [33mRespect on HTB[1;32m            :     [1;31mSirBroccoli            [1;32m                 |
       |---------------------------------------------------------------------------------|
       |                                 [34mThank you![1;32m                                      |
       \---------------------------------------------------------------------------------/
[0m
