ANSI color bit for Windows is not set. If you are executing this from a Windows terminal inside the host you should run 'REG ADD HKCU\Console /v VirtualTerminalLevel /t REG_DWORD /d 1' and then start a new CMD
Long paths are disabled, so the maximum length of a path supported is 260 chars (this may cause false negatives when looking for files). If you are admin, you can enable it with 'REG ADD HKLM\SYSTEM\CurrentControlSet\Control\FileSystem /v VirtualTerminalLevel /t REG_DWORD /d 1' and then start a new CMD
[33m  WinPEAS-ng[0m[33m by @hacktricks_live[0m
[1;32m
       /---------------------------------------------------------------------------------\
       |                             [34mDo you like PEASS?[1;32m                                  |
       |---------------------------------------------------------------------------------| 
       |         [33mGet the latest version[1;32m    :     [1;31mhttps://github.com/sponsors/carlospolop[1;32m |
       |         [33mFollow on Twitter[1;32m         :     [1;31m@hacktricks_live[1;32m                        |
       |         [33mRespect on HTB[1;32m            :     [1;31mSirBroccoli            [1;32m                 |
       |---------------------------------------------------------------------------------|
       |                                 [34mThank you![1;32m                                      |
       \---------------------------------------------------------------------------------/
[0m
[33m  [+] [1;32mLegend:[0m
[1;31m         Red[1;37m                Indicates a special privilege over an object or something is misconfigured[0m
[1;32m         Green[1;37m              Indicates that some protection is enabled or something is well configured[0m
[36m         Cyan[1;37m               Indicates active users[0m
[34m         Blue[1;37m               Indicates disabled users[0m
[1;33m         LightYellow[1;37m        Indicates links[0m

[34m You can find a Windows local PE Checklist here: [33mhttps://book.hacktricks.xyz/windows-hardening/checklist-windows-privilege-escalation
[1;90m   Creating Dynamic lists, this could take a while, please wait...[0m
[1;90m   - Loading sensitive_files yaml definitions file...[0m
[1;90m   - Loading regexes yaml definitions file...[0m
[1;90m   - Checking if domain...[0m
[1;90m   - Getting Win32_UserAccount info...[0m
[1;90mError while getting Win32_UserAccount info: System.Management.ManagementException: Access denied 
   at System.Management.ThreadDispatch.Start()
   at System.Management.ManagementScope.Initialize()
   at System.Management.ManagementObjectSearcher.Initialize()
   at System.Management.ManagementObjectSearcher.Get()
   at winPEAS.Checks.Checks.CreateDynamicLists(Boolean isFileSearchEnabled)[0m
[1;90m   - Creating current user groups list...[0m
[1;90m   - Creating active users list (local only)...[0m
[1;90m  [X] Exception: Object reference not set to an instance of an object.[0m
[1;90m   - Creating disabled users list...[0m
[1;90m  [X] Exception: Object reference not set to an instance of an object.[0m
[1;90m   - Admin users list...[0m
[1;90m  [X] Exception: Object reference not set to an instance of an object.[0m
[1;90m   - Creating AppLocker bypass list...[0m
[1;90m   - Creating files/directories list for search...[0m
[1;90m        [skipped, file search is disabled][0m


[1;36mâ•â•â•â•â•â•â•â•â•â•â•â•â•â•â•â•â•â•â•â•â•â•â•â•â•â•â•â•â•â•â•â•â•â•â•â•â•£ [1;32mUsers Information[1;36m â• â•â•â•â•â•â•â•â•â•â•â•â•â•â•â•â•â•â•â•â•â•â•â•â•â•â•â•â•â•â•â•â•â•â•â•â•[0m

[1;36mâ•”â•â•â•â•â•â•â•â•â•â•â•£ [1;32mUsers[0m
[1;36mâ•š [1;34mCheck if you have some admin equivalent privileges [1;33mhttps://book.hacktricks.xyz/windows-hardening/windows-local-privilege-escalation#users-and-groups[0m
[1;90m  [X] Exception: Object reference not set to an instance of an object.[0m
  Current user: [0m[1;35mcelia.almeda[0m
  Current groups: Domain Users, Everyone, Builtin\Remote Management Users, Users, Network, Authenticated Users, This Organization, NTLM Authentication
[1;90m   =================================================================================================[0m

[1;90m    Not Found[0m

[1;36mâ•”â•â•â•â•â•â•â•â•â•â•â•£ [1;32mCurrent User Idle Time[0m
   Current User   :     OSCP\celia.almeda
   Idle Time      :     01h:41m:34s:484ms

[1;36mâ•”â•â•â•â•â•â•â•â•â•â•â•£ [1;32mDisplay Tenant information (DsRegCmd.exe /status)[0m
   Tenant is NOT Azure AD Joined.

[1;36mâ•”â•â•â•â•â•â•â•â•â•â•â•£ [1;32mCurrent Token privileges[0m
[1;36mâ•š [1;34mCheck if you can escalate privilege using some enabled token [1;33mhttps://book.hacktricks.xyz/windows-hardening/windows-local-privilege-escalation#token-manipulation[0m
[1;37m    SeShutdownPrivilege: [0mSE_PRIVILEGE_ENABLED_BY_DEFAULT, SE_PRIVILEGE_ENABLED
[1;37m    SeChangeNotifyPrivilege: [0mSE_PRIVILEGE_ENABLED_BY_DEFAULT, SE_PRIVILEGE_ENABLED
[1;37m    SeUndockPrivilege: [0mSE_PRIVILEGE_ENABLED_BY_DEFAULT, SE_PRIVILEGE_ENABLED
[1;37m    SeIncreaseWorkingSetPrivilege: [0mSE_PRIVILEGE_ENABLED_BY_DEFAULT, SE_PRIVILEGE_ENABLED
[1;37m    SeTimeZonePrivilege: [0mSE_PRIVILEGE_ENABLED_BY_DEFAULT, SE_PRIVILEGE_ENABLED

[1;36mâ•”â•â•â•â•â•â•â•â•â•â•â•£ [1;32mClipboard text[0m

[1;36mâ•”â•â•â•â•â•â•â•â•â•â•â•£ [1;32mLogged users[0m
[1;90m  [X] Exception: Access denied [0m
[1;90m    Not Found[0m

[1;36mâ•”â•â•â•â•â•â•â•â•â•â•â•£ [1;32mDisplay information about local users[0m
   Computer Name           :   MS02
   User Name               :   [0m[1;31mAdministrator[0m
   User Id                 :   500
   Is Enabled              :   [0m[1;31mTrue[0m
   User Type               :   [0m[1;31mAdministrator[0m
   Comment                 :   Built-in account for administering the computer/domain
   Last Logon              :   3/6/2024 3:46:03 PM
   Logons Count            :   28
   Password Last Set       :   3/25/2022 12:06:54 PM

[1;90m   =================================================================================================[0m

   Computer Name           :   MS02
   User Name               :   DefaultAccount
   User Id                 :   503
   Is Enabled              :   [0m[1;32mFalse[0m
   User Type               :   [0m[33mGuest[0m
   Comment                 :   A user account managed by the system.
   Last Logon              :   1/1/1970 12:00:00 AM
   Logons Count            :   0
   Password Last Set       :   1/1/1970 12:00:00 AM

[1;90m   =================================================================================================[0m

   Computer Name           :   MS02
   User Name               :   [0m[33mGuest[0m
   User Id                 :   501
   Is Enabled              :   [0m[1;32mFalse[0m
   User Type               :   [0m[33mGuest[0m
   Comment                 :   Built-in account for guest access to the computer/domain
   Last Logon              :   1/1/1970 12:00:00 AM
   Logons Count            :   0
   Password Last Set       :   1/1/1970 12:00:00 AM

[1;90m   =================================================================================================[0m

   Computer Name           :   MS02
   User Name               :   WDAGUtilityAccount
   User Id                 :   504
   Is Enabled              :   [0m[1;32mFalse[0m
   User Type               :   [0m[33mGuest[0m
   Comment                 :   A user account managed and used by the system for Windows Defender Application Guard scenarios.
   Last Logon              :   1/1/1970 12:00:00 AM
   Logons Count            :   0
   Password Last Set       :   11/18/2020 11:43:26 PM

[1;90m   =================================================================================================[0m


[1;36mâ•”â•â•â•â•â•â•â•â•â•â•â•£ [1;32mRDP Sessions[0m
[1;90m    Not Found[0m

[1;36mâ•”â•â•â•â•â•â•â•â•â•â•â•£ [1;32mEver logged users[0m
[1;90m  [X] Exception: Access denied [0m
[1;90m    Not Found[0m

[1;36mâ•”â•â•â•â•â•â•â•â•â•â•â•£ [1;32mHome folders found[0m
[1;32m    C:\Users\Administrator[0m
[1;32m    C:\Users\Administrator.OSCP[0m
[1;32m    C:\Users\All Users[0m
[1;31m    C:\Users\celia.almeda : celia.almeda [AllAccess][0m
[1;32m    C:\Users\Default[0m
[1;32m    C:\Users\Default User[0m
[1;32m    C:\Users\Public[0m

[1;36mâ•”â•â•â•â•â•â•â•â•â•â•â•£ [1;32mLooking for AutoLogon credentials[0m
[1;31m    Some AutoLogon credentials were found[0m
    DefaultDomainName             :  [0m[1;35mOSCP[0m.exam
    DefaultUserName               :  Administrator

[1;36mâ•”â•â•â•â•â•â•â•â•â•â•â•£ [1;32mPassword Policies[0m
[1;36mâ•š [1;34mCheck for a possible brute-force [1;33m[0m
[1;37m    Domain: [0mBuiltin
[1;37m    SID: [0mS-1-5-32
[1;37m    MaxPasswordAge: [0m42.22:47:31.7437440
[1;37m    MinPasswordAge: [0m00:00:00
[1;37m    MinPasswordLength: [0m0
[1;37m    PasswordHistoryLength: [0m0
[1;37m    PasswordProperties: [0m0
[1;90m   =================================================================================================[0m

[1;37m    Domain: [0mMS02
[1;37m    SID: [0mS-1-5-21-2512333080-3128024849-3533006164
[1;37m    MaxPasswordAge: [0m42.00:00:00
[1;37m    MinPasswordAge: [0m1.00:00:00
[1;37m    MinPasswordLength: [0m7
[1;37m    PasswordHistoryLength: [0m24
[1;37m    PasswordProperties: [0mDOMAIN_PASSWORD_COMPLEX
[1;90m   =================================================================================================[0m


[1;36mâ•”â•â•â•â•â•â•â•â•â•â•â•£ [1;32mPrint Logon Sessions[0m
[1;32m
       /---------------------------------------------------------------------------------\
       |                             [34mDo you like PEASS?[1;32m                                  |
       |---------------------------------------------------------------------------------| 
       |         [33mGet the latest version[1;32m    :     [1;31mhttps://github.com/sponsors/carlospolop[1;32m |
       |         [33mFollow on Twitter[1;32m         :     [1;31m@hacktricks_live[1;32m                        |
       |         [33mRespect on HTB[1;32m            :     [1;31mSirBroccoli            [1;32m                 |
       |---------------------------------------------------------------------------------|
       |                                 [34mThank you![1;32m                                      |
       \---------------------------------------------------------------------------------/
[0m
